mode: set
github.com/pensando/gpu-operator/internal/controllers/device_config_reconciler.go:81.74,88.2 3 0
github.com/pensando/gpu-operator/internal/controllers/device_config_reconciler.go:94.75,111.2 1 0
github.com/pensando/gpu-operator/internal/controllers/device_config_reconciler.go:138.104,144.16 4 0
github.com/pensando/gpu-operator/internal/controllers/device_config_reconciler.go:144.16,145.78 1 0
github.com/pensando/gpu-operator/internal/controllers/device_config_reconciler.go:145.78,148.4 2 0
github.com/pensando/gpu-operator/internal/controllers/device_config_reconciler.go:149.3,149.91 1 0
github.com/pensando/gpu-operator/internal/controllers/device_config_reconciler.go:152.2,153.16 2 0
github.com/pensando/gpu-operator/internal/controllers/device_config_reconciler.go:153.16,155.3 1 0
github.com/pensando/gpu-operator/internal/controllers/device_config_reconciler.go:157.2,157.45 1 0
github.com/pensando/gpu-operator/internal/controllers/device_config_reconciler.go:157.45,160.17 2 0
github.com/pensando/gpu-operator/internal/controllers/device_config_reconciler.go:160.17,162.4 1 0
github.com/pensando/gpu-operator/internal/controllers/device_config_reconciler.go:163.3,163.28 1 0
github.com/pensando/gpu-operator/internal/controllers/device_config_reconciler.go:166.2,167.16 2 0
github.com/pensando/gpu-operator/internal/controllers/device_config_reconciler.go:167.16,169.3 1 0
github.com/pensando/gpu-operator/internal/controllers/device_config_reconciler.go:171.2,173.16 3 0
github.com/pensando/gpu-operator/internal/controllers/device_config_reconciler.go:173.16,175.3 1 0
github.com/pensando/gpu-operator/internal/controllers/device_config_reconciler.go:177.2,178.71 2 0
github.com/pensando/gpu-operator/internal/controllers/device_config_reconciler.go:178.71,180.3 1 0
github.com/pensando/gpu-operator/internal/controllers/device_config_reconciler.go:182.2,183.74 2 0
github.com/pensando/gpu-operator/internal/controllers/device_config_reconciler.go:183.74,185.3 1 0
github.com/pensando/gpu-operator/internal/controllers/device_config_reconciler.go:187.2,189.16 3 0
github.com/pensando/gpu-operator/internal/controllers/device_config_reconciler.go:189.16,191.3 1 0
github.com/pensando/gpu-operator/internal/controllers/device_config_reconciler.go:193.2,195.16 3 0
github.com/pensando/gpu-operator/internal/controllers/device_config_reconciler.go:195.16,197.3 1 0
github.com/pensando/gpu-operator/internal/controllers/device_config_reconciler.go:199.2,200.71 2 0
github.com/pensando/gpu-operator/internal/controllers/device_config_reconciler.go:200.71,202.3 1 0
github.com/pensando/gpu-operator/internal/controllers/device_config_reconciler.go:204.2,205.16 2 0
github.com/pensando/gpu-operator/internal/controllers/device_config_reconciler.go:205.16,207.3 1 0
github.com/pensando/gpu-operator/internal/controllers/device_config_reconciler.go:208.2,208.17 1 0
github.com/pensando/gpu-operator/internal/controllers/device_config_reconciler.go:237.82,244.2 1 1
github.com/pensando/gpu-operator/internal/controllers/device_config_reconciler.go:246.161,249.73 2 1
github.com/pensando/gpu-operator/internal/controllers/device_config_reconciler.go:249.73,251.3 1 1
github.com/pensando/gpu-operator/internal/controllers/device_config_reconciler.go:252.2,252.24 1 1
github.com/pensando/gpu-operator/internal/controllers/device_config_reconciler.go:256.127,260.9 4 0
github.com/pensando/gpu-operator/internal/controllers/device_config_reconciler.go:260.9,263.3 2 0
github.com/pensando/gpu-operator/internal/controllers/device_config_reconciler.go:264.2,264.68 1 0
github.com/pensando/gpu-operator/internal/controllers/device_config_reconciler.go:264.68,265.48 1 0
github.com/pensando/gpu-operator/internal/controllers/device_config_reconciler.go:265.48,272.4 1 0
github.com/pensando/gpu-operator/internal/controllers/device_config_reconciler.go:274.2,274.13 1 0
github.com/pensando/gpu-operator/internal/controllers/device_config_reconciler.go:277.152,280.74 1 0
github.com/pensando/gpu-operator/internal/controllers/device_config_reconciler.go:280.74,282.17 2 0
github.com/pensando/gpu-operator/internal/controllers/device_config_reconciler.go:282.17,285.4 1 0
github.com/pensando/gpu-operator/internal/controllers/device_config_reconciler.go:286.3,286.26 1 0
github.com/pensando/gpu-operator/internal/controllers/device_config_reconciler.go:286.26,292.4 1 0
github.com/pensando/gpu-operator/internal/controllers/device_config_reconciler.go:295.2,301.63 3 0
github.com/pensando/gpu-operator/internal/controllers/device_config_reconciler.go:301.63,307.3 1 0
github.com/pensando/gpu-operator/internal/controllers/device_config_reconciler.go:307.8,309.3 1 0
github.com/pensando/gpu-operator/internal/controllers/device_config_reconciler.go:311.2,311.92 1 0
github.com/pensando/gpu-operator/internal/controllers/device_config_reconciler.go:311.92,318.66 3 0
github.com/pensando/gpu-operator/internal/controllers/device_config_reconciler.go:318.66,324.4 1 0
github.com/pensando/gpu-operator/internal/controllers/device_config_reconciler.go:324.9,326.4 1 0
github.com/pensando/gpu-operator/internal/controllers/device_config_reconciler.go:330.2,330.81 1 0
github.com/pensando/gpu-operator/internal/controllers/device_config_reconciler.go:330.81,332.3 1 0
github.com/pensando/gpu-operator/internal/controllers/device_config_reconciler.go:336.2,336.64 1 0
github.com/pensando/gpu-operator/internal/controllers/device_config_reconciler.go:336.64,338.17 2 0
github.com/pensando/gpu-operator/internal/controllers/device_config_reconciler.go:338.17,340.4 1 0
github.com/pensando/gpu-operator/internal/controllers/device_config_reconciler.go:341.3,342.69 2 0
github.com/pensando/gpu-operator/internal/controllers/device_config_reconciler.go:342.69,344.4 1 0
github.com/pensando/gpu-operator/internal/controllers/device_config_reconciler.go:345.3,345.13 1 0
github.com/pensando/gpu-operator/internal/controllers/device_config_reconciler.go:349.159,352.70 3 0
github.com/pensando/gpu-operator/internal/controllers/device_config_reconciler.go:352.70,354.3 1 0
github.com/pensando/gpu-operator/internal/controllers/device_config_reconciler.go:355.2,355.21 1 0
github.com/pensando/gpu-operator/internal/controllers/device_config_reconciler.go:358.156,363.35 3 0
github.com/pensando/gpu-operator/internal/controllers/device_config_reconciler.go:363.35,371.17 4 0
github.com/pensando/gpu-operator/internal/controllers/device_config_reconciler.go:371.17,372.34 1 0
github.com/pensando/gpu-operator/internal/controllers/device_config_reconciler.go:372.34,374.5 1 0
github.com/pensando/gpu-operator/internal/controllers/device_config_reconciler.go:375.4,375.12 1 0
github.com/pensando/gpu-operator/internal/controllers/device_config_reconciler.go:377.3,377.32 1 0
github.com/pensando/gpu-operator/internal/controllers/device_config_reconciler.go:377.32,378.46 1 0
github.com/pensando/gpu-operator/internal/controllers/device_config_reconciler.go:378.46,382.36 1 0
github.com/pensando/gpu-operator/internal/controllers/device_config_reconciler.go:382.36,388.6 1 0
github.com/pensando/gpu-operator/internal/controllers/device_config_reconciler.go:393.2,393.12 1 0
github.com/pensando/gpu-operator/internal/controllers/device_config_reconciler.go:396.120,397.72 1 1
github.com/pensando/gpu-operator/internal/controllers/device_config_reconciler.go:397.72,399.3 1 1
github.com/pensando/gpu-operator/internal/controllers/device_config_reconciler.go:401.2,403.75 3 1
github.com/pensando/gpu-operator/internal/controllers/device_config_reconciler.go:406.131,415.67 4 1
github.com/pensando/gpu-operator/internal/controllers/device_config_reconciler.go:415.67,416.33 1 1
github.com/pensando/gpu-operator/internal/controllers/device_config_reconciler.go:416.33,418.4 1 0
github.com/pensando/gpu-operator/internal/controllers/device_config_reconciler.go:419.8,421.62 2 0
github.com/pensando/gpu-operator/internal/controllers/device_config_reconciler.go:421.62,423.4 1 0
github.com/pensando/gpu-operator/internal/controllers/device_config_reconciler.go:426.2,432.65 3 1
github.com/pensando/gpu-operator/internal/controllers/device_config_reconciler.go:432.65,433.33 1 1
github.com/pensando/gpu-operator/internal/controllers/device_config_reconciler.go:433.33,435.4 1 0
github.com/pensando/gpu-operator/internal/controllers/device_config_reconciler.go:436.8,438.61 2 0
github.com/pensando/gpu-operator/internal/controllers/device_config_reconciler.go:438.61,440.4 1 0
github.com/pensando/gpu-operator/internal/controllers/device_config_reconciler.go:443.2,443.12 1 1
github.com/pensando/gpu-operator/internal/controllers/device_config_reconciler.go:446.148,452.69 2 1
github.com/pensando/gpu-operator/internal/controllers/device_config_reconciler.go:452.69,454.3 1 0
github.com/pensando/gpu-operator/internal/controllers/device_config_reconciler.go:457.2,462.69 3 1
github.com/pensando/gpu-operator/internal/controllers/device_config_reconciler.go:462.69,463.33 1 1
github.com/pensando/gpu-operator/internal/controllers/device_config_reconciler.go:463.33,465.4 1 0
github.com/pensando/gpu-operator/internal/controllers/device_config_reconciler.go:466.8,468.57 2 0
github.com/pensando/gpu-operator/internal/controllers/device_config_reconciler.go:468.57,470.4 1 0
github.com/pensando/gpu-operator/internal/controllers/device_config_reconciler.go:474.2,480.68 3 1
github.com/pensando/gpu-operator/internal/controllers/device_config_reconciler.go:480.68,481.33 1 1
github.com/pensando/gpu-operator/internal/controllers/device_config_reconciler.go:481.33,483.4 1 1
github.com/pensando/gpu-operator/internal/controllers/device_config_reconciler.go:484.8,486.56 2 0
github.com/pensando/gpu-operator/internal/controllers/device_config_reconciler.go:486.56,488.4 1 0
github.com/pensando/gpu-operator/internal/controllers/device_config_reconciler.go:492.2,497.67 3 1
github.com/pensando/gpu-operator/internal/controllers/device_config_reconciler.go:497.67,498.32 1 1
github.com/pensando/gpu-operator/internal/controllers/device_config_reconciler.go:498.32,500.76 1 1
github.com/pensando/gpu-operator/internal/controllers/device_config_reconciler.go:500.76,502.5 1 1
github.com/pensando/gpu-operator/internal/controllers/device_config_reconciler.go:502.10,505.78 1 0
github.com/pensando/gpu-operator/internal/controllers/device_config_reconciler.go:505.78,507.6 1 0
github.com/pensando/gpu-operator/internal/controllers/device_config_reconciler.go:509.4,511.77 3 1
github.com/pensando/gpu-operator/internal/controllers/device_config_reconciler.go:514.3,514.86 1 1
github.com/pensando/gpu-operator/internal/controllers/device_config_reconciler.go:518.2,519.54 2 1
github.com/pensando/gpu-operator/internal/controllers/device_config_reconciler.go:519.54,521.3 1 0
github.com/pensando/gpu-operator/internal/controllers/device_config_reconciler.go:522.2,522.75 1 1
github.com/pensando/gpu-operator/internal/controllers/device_config_reconciler.go:522.75,524.3 1 0
github.com/pensando/gpu-operator/internal/controllers/device_config_reconciler.go:526.2,526.12 1 1
github.com/pensando/gpu-operator/internal/controllers/device_config_reconciler.go:529.148,531.75 2 1
github.com/pensando/gpu-operator/internal/controllers/device_config_reconciler.go:531.75,534.3 2 0
github.com/pensando/gpu-operator/internal/controllers/device_config_reconciler.go:535.2,535.43 1 1
github.com/pensando/gpu-operator/internal/controllers/device_config_reconciler.go:535.43,537.3 1 0
github.com/pensando/gpu-operator/internal/controllers/device_config_reconciler.go:539.2,541.35 3 1
github.com/pensando/gpu-operator/internal/controllers/device_config_reconciler.go:541.35,543.17 2 1
github.com/pensando/gpu-operator/internal/controllers/device_config_reconciler.go:543.17,545.4 1 0
github.com/pensando/gpu-operator/internal/controllers/device_config_reconciler.go:546.3,547.26 2 1
github.com/pensando/gpu-operator/internal/controllers/device_config_reconciler.go:547.26,549.12 1 0
github.com/pensando/gpu-operator/internal/controllers/device_config_reconciler.go:552.3,559.96 2 1
github.com/pensando/gpu-operator/internal/controllers/device_config_reconciler.go:559.96,561.4 1 1
github.com/pensando/gpu-operator/internal/controllers/device_config_reconciler.go:563.3,563.17 1 1
github.com/pensando/gpu-operator/internal/controllers/device_config_reconciler.go:563.17,565.4 1 1
github.com/pensando/gpu-operator/internal/controllers/device_config_reconciler.go:565.9,568.4 2 0
github.com/pensando/gpu-operator/internal/controllers/device_config_reconciler.go:570.3,570.29 1 1
github.com/pensando/gpu-operator/internal/controllers/device_config_reconciler.go:573.2,573.14 1 1
github.com/pensando/gpu-operator/internal/controllers/device_config_reconciler.go:573.14,575.3 1 0
github.com/pensando/gpu-operator/internal/controllers/device_config_reconciler.go:576.2,576.12 1 1
github.com/pensando/gpu-operator/internal/controllers/device_config_reconciler.go:579.143,589.74 3 1
github.com/pensando/gpu-operator/internal/controllers/device_config_reconciler.go:589.74,590.85 1 1
github.com/pensando/gpu-operator/internal/controllers/device_config_reconciler.go:590.85,592.4 1 1
github.com/pensando/gpu-operator/internal/controllers/device_config_reconciler.go:594.3,594.17 1 1
github.com/pensando/gpu-operator/internal/controllers/device_config_reconciler.go:594.17,596.4 1 1
github.com/pensando/gpu-operator/internal/controllers/device_config_reconciler.go:597.3,597.13 1 1
github.com/pensando/gpu-operator/internal/controllers/device_config_reconciler.go:599.2,603.12 2 0
github.com/pensando/gpu-operator/internal/controllers/device_config_reconciler.go:606.146,612.80 3 0
github.com/pensando/gpu-operator/internal/controllers/device_config_reconciler.go:612.80,614.3 1 0
github.com/pensando/gpu-operator/internal/controllers/device_config_reconciler.go:615.2,615.16 1 0
github.com/pensando/gpu-operator/internal/controllers/device_config_reconciler.go:615.16,617.3 1 0
github.com/pensando/gpu-operator/internal/controllers/device_config_reconciler.go:618.2,620.12 2 0
github.com/pensando/gpu-operator/internal/controllers/device_config_reconciler.go:623.149,626.74 1 0
github.com/pensando/gpu-operator/internal/controllers/device_config_reconciler.go:626.74,628.17 2 0
github.com/pensando/gpu-operator/internal/controllers/device_config_reconciler.go:628.17,630.4 1 0
github.com/pensando/gpu-operator/internal/controllers/device_config_reconciler.go:632.2,632.12 1 0
github.com/pensando/gpu-operator/internal/controllers/device_config_reconciler.go:635.146,638.111 2 1
github.com/pensando/gpu-operator/internal/controllers/device_config_reconciler.go:638.111,645.78 3 0
github.com/pensando/gpu-operator/internal/controllers/device_config_reconciler.go:645.78,647.62 2 0
github.com/pensando/gpu-operator/internal/controllers/device_config_reconciler.go:647.62,649.5 1 0
github.com/pensando/gpu-operator/internal/controllers/device_config_reconciler.go:653.3,653.77 1 0
github.com/pensando/gpu-operator/internal/controllers/device_config_reconciler.go:653.77,655.4 1 0
github.com/pensando/gpu-operator/internal/controllers/device_config_reconciler.go:656.3,657.13 2 0
github.com/pensando/gpu-operator/internal/controllers/device_config_reconciler.go:660.2,663.80 2 1
github.com/pensando/gpu-operator/internal/controllers/device_config_reconciler.go:663.80,665.3 1 1
github.com/pensando/gpu-operator/internal/controllers/device_config_reconciler.go:667.2,667.16 1 1
github.com/pensando/gpu-operator/internal/controllers/device_config_reconciler.go:667.16,669.3 1 0
github.com/pensando/gpu-operator/internal/controllers/device_config_reconciler.go:671.2,675.30 2 1
github.com/pensando/gpu-operator/internal/controllers/device_config_reconciler.go:675.30,683.45 2 1
github.com/pensando/gpu-operator/internal/controllers/device_config_reconciler.go:683.45,684.35 1 0
github.com/pensando/gpu-operator/internal/controllers/device_config_reconciler.go:684.35,685.13 1 0
github.com/pensando/gpu-operator/internal/controllers/device_config_reconciler.go:687.4,687.49 1 0
github.com/pensando/gpu-operator/internal/controllers/device_config_reconciler.go:689.3,689.32 1 1
github.com/pensando/gpu-operator/internal/controllers/device_config_reconciler.go:692.2,693.16 2 1
github.com/pensando/gpu-operator/internal/controllers/device_config_reconciler.go:693.16,696.3 2 1
github.com/pensando/gpu-operator/internal/controllers/device_config_reconciler.go:697.2,699.74 2 0
github.com/pensando/gpu-operator/internal/controllers/device_config_reconciler.go:699.74,701.3 1 0
github.com/pensando/gpu-operator/internal/controllers/device_config_reconciler.go:702.2,702.12 1 0
github.com/pensando/gpu-operator/internal/controllers/device_config_reconciler.go:704.129,711.93 3 0
github.com/pensando/gpu-operator/internal/controllers/device_config_reconciler.go:711.93,713.3 1 0
github.com/pensando/gpu-operator/internal/controllers/device_config_reconciler.go:715.2,715.80 1 0
github.com/pensando/gpu-operator/internal/controllers/device_config_reconciler.go:715.80,717.3 1 0
github.com/pensando/gpu-operator/internal/controllers/device_config_reconciler.go:718.2,718.16 1 0
github.com/pensando/gpu-operator/internal/controllers/device_config_reconciler.go:718.16,720.3 1 0
github.com/pensando/gpu-operator/internal/controllers/device_config_reconciler.go:721.2,726.80 3 0
github.com/pensando/gpu-operator/internal/controllers/device_config_reconciler.go:726.80,728.3 1 0
github.com/pensando/gpu-operator/internal/controllers/device_config_reconciler.go:730.2,730.16 1 0
github.com/pensando/gpu-operator/internal/controllers/device_config_reconciler.go:730.16,732.3 1 0
github.com/pensando/gpu-operator/internal/controllers/device_config_reconciler.go:733.2,735.12 2 0
github.com/pensando/gpu-operator/internal/controllers/device_config_reconciler.go:738.162,742.35 3 1
github.com/pensando/gpu-operator/internal/controllers/device_config_reconciler.go:742.35,745.73 1 1
github.com/pensando/gpu-operator/internal/controllers/device_config_reconciler.go:745.73,748.91 3 1
github.com/pensando/gpu-operator/internal/controllers/device_config_reconciler.go:748.91,750.5 1 0
github.com/pensando/gpu-operator/internal/controllers/device_config_reconciler.go:751.4,753.19 2 1
github.com/pensando/gpu-operator/internal/controllers/device_config_reconciler.go:753.19,754.46 1 1
github.com/pensando/gpu-operator/internal/controllers/device_config_reconciler.go:754.46,757.6 2 0
github.com/pensando/gpu-operator/internal/controllers/device_config_reconciler.go:760.4,760.38 1 1
github.com/pensando/gpu-operator/internal/controllers/device_config_reconciler.go:760.38,762.38 1 0
github.com/pensando/gpu-operator/internal/controllers/device_config_reconciler.go:762.38,765.6 2 0
github.com/pensando/gpu-operator/internal/controllers/device_config_reconciler.go:770.4,770.15 1 1
github.com/pensando/gpu-operator/internal/controllers/device_config_reconciler.go:770.15,773.5 2 0
github.com/pensando/gpu-operator/internal/controllers/device_config_reconciler.go:775.4,775.14 1 1
github.com/pensando/gpu-operator/internal/controllers/device_config_reconciler.go:776.23,778.4 1 0
github.com/pensando/gpu-operator/internal/controllers/device_config_reconciler.go:780.2,780.12 1 1
github.com/pensando/gpu-operator/internal/controllers/mock_device_config_reconciler.go:53.107,57.2 3 0
github.com/pensando/gpu-operator/internal/controllers/mock_device_config_reconciler.go:60.105,62.2 1 0
github.com/pensando/gpu-operator/internal/controllers/mock_device_config_reconciler.go:65.149,70.2 4 0
github.com/pensando/gpu-operator/internal/controllers/mock_device_config_reconciler.go:73.121,76.2 2 0
github.com/pensando/gpu-operator/internal/controllers/mock_device_config_reconciler.go:79.131,84.2 4 0
github.com/pensando/gpu-operator/internal/controllers/mock_device_config_reconciler.go:87.111,90.2 2 0
github.com/pensando/gpu-operator/internal/controllers/mock_device_config_reconciler.go:93.157,99.2 5 0
github.com/pensando/gpu-operator/internal/controllers/mock_device_config_reconciler.go:102.123,105.2 2 0
github.com/pensando/gpu-operator/internal/controllers/mock_device_config_reconciler.go:108.162,114.2 5 0
github.com/pensando/gpu-operator/internal/controllers/mock_device_config_reconciler.go:117.123,120.2 2 0
github.com/pensando/gpu-operator/internal/controllers/mock_device_config_reconciler.go:123.149,128.2 4 0
github.com/pensando/gpu-operator/internal/controllers/mock_device_config_reconciler.go:131.121,134.2 2 0
github.com/pensando/gpu-operator/internal/controllers/mock_device_config_reconciler.go:137.147,142.2 4 0
github.com/pensando/gpu-operator/internal/controllers/mock_device_config_reconciler.go:145.119,148.2 2 0
github.com/pensando/gpu-operator/internal/controllers/mock_device_config_reconciler.go:151.144,156.2 4 0
github.com/pensando/gpu-operator/internal/controllers/mock_device_config_reconciler.go:159.116,162.2 2 0
github.com/pensando/gpu-operator/internal/controllers/mock_device_config_reconciler.go:165.150,170.2 4 0
github.com/pensando/gpu-operator/internal/controllers/mock_device_config_reconciler.go:173.122,176.2 2 0
github.com/pensando/gpu-operator/internal/controllers/mock_device_config_reconciler.go:179.130,184.2 4 0
github.com/pensando/gpu-operator/internal/controllers/mock_device_config_reconciler.go:187.115,190.2 2 0
github.com/pensando/gpu-operator/internal/controllers/mock_device_config_reconciler.go:193.147,198.2 4 0
github.com/pensando/gpu-operator/internal/controllers/mock_device_config_reconciler.go:201.119,204.2 2 0
github.com/pensando/gpu-operator/internal/controllers/mock_device_config_reconciler.go:207.121,212.2 4 0
github.com/pensando/gpu-operator/internal/controllers/mock_device_config_reconciler.go:215.106,218.2 2 0
github.com/pensando/gpu-operator/internal/controllers/mock_device_config_reconciler.go:221.153,226.2 4 0
github.com/pensando/gpu-operator/internal/controllers/mock_device_config_reconciler.go:229.125,232.2 2 0
github.com/pensando/gpu-operator/internal/controllers/mock_pod_event_handler.go:49.81,53.2 3 0
github.com/pensando/gpu-operator/internal/controllers/mock_pod_event_handler.go:56.79,58.2 1 0
github.com/pensando/gpu-operator/internal/controllers/mock_pod_event_handler.go:61.120,64.2 2 0
github.com/pensando/gpu-operator/internal/controllers/mock_pod_event_handler.go:67.84,70.2 2 0
github.com/pensando/gpu-operator/internal/controllers/mock_pod_event_handler.go:73.120,76.2 2 0
github.com/pensando/gpu-operator/internal/controllers/mock_pod_event_handler.go:79.84,82.2 2 0
github.com/pensando/gpu-operator/internal/controllers/mock_pod_event_handler.go:85.122,88.2 2 0
github.com/pensando/gpu-operator/internal/controllers/mock_pod_event_handler.go:91.85,94.2 2 0
github.com/pensando/gpu-operator/internal/controllers/mock_pod_event_handler.go:97.120,100.2 2 0
github.com/pensando/gpu-operator/internal/controllers/mock_pod_event_handler.go:103.84,106.2 2 0
github.com/pensando/gpu-operator/internal/controllers/pod_event_handler.go:56.66,60.2 1 0
github.com/pensando/gpu-operator/internal/controllers/pod_event_handler.go:67.114,69.2 0 0
github.com/pensando/gpu-operator/internal/controllers/pod_event_handler.go:72.114,74.2 0 0
github.com/pensando/gpu-operator/internal/controllers/pod_event_handler.go:77.116,79.2 0 0
github.com/pensando/gpu-operator/internal/controllers/pod_event_handler.go:82.113,85.9 2 0
github.com/pensando/gpu-operator/internal/controllers/pod_event_handler.go:85.9,87.3 1 0
github.com/pensando/gpu-operator/internal/controllers/pod_event_handler.go:89.2,92.63 2 0
github.com/pensando/gpu-operator/internal/controllers/pod_event_handler.go:92.63,93.111 1 0
github.com/pensando/gpu-operator/internal/controllers/pod_event_handler.go:93.111,94.52 1 0
github.com/pensando/gpu-operator/internal/controllers/pod_event_handler.go:94.52,96.5 1 0
github.com/pensando/gpu-operator/internal/controllers/pod_event_handler.go:97.4,97.9 1 0
github.com/pensando/gpu-operator/internal/controllers/pod_event_handler.go:106.59,108.2 1 0
github.com/pensando/gpu-operator/internal/controllers/pod_event_handler.go:110.46,112.19 2 0
github.com/pensando/gpu-operator/internal/controllers/pod_event_handler.go:112.19,114.3 1 0
github.com/pensando/gpu-operator/internal/controllers/pod_event_handler.go:115.2,116.37 2 0
github.com/pensando/gpu-operator/internal/kmmmodule/kmmmodule.go:107.78,113.2 1 0
github.com/pensando/gpu-operator/internal/kmmmodule/kmmmodule.go:115.25,116.89 1 0
github.com/pensando/gpu-operator/internal/kmmmodule/kmmmodule.go:116.89,117.51 1 0
github.com/pensando/gpu-operator/internal/kmmmodule/kmmmodule.go:117.51,118.37 1 0
github.com/pensando/gpu-operator/internal/kmmmodule/kmmmodule.go:118.37,119.40 1 0
github.com/pensando/gpu-operator/internal/kmmmodule/kmmmodule.go:119.40,121.6 1 0
github.com/pensando/gpu-operator/internal/kmmmodule/kmmmodule.go:125.2,125.14 1 0
github.com/pensando/gpu-operator/internal/kmmmodule/kmmmodule.go:128.135,134.35 3 0
github.com/pensando/gpu-operator/internal/kmmmodule/kmmmodule.go:134.35,135.41 1 0
github.com/pensando/gpu-operator/internal/kmmmodule/kmmmodule.go:135.41,140.12 1 0
github.com/pensando/gpu-operator/internal/kmmmodule/kmmmodule.go:142.3,142.21 1 0
github.com/pensando/gpu-operator/internal/kmmmodule/kmmmodule.go:142.21,144.18 2 0
github.com/pensando/gpu-operator/internal/kmmmodule/kmmmodule.go:144.18,146.5 1 0
github.com/pensando/gpu-operator/internal/kmmmodule/kmmmodule.go:147.4,147.29 1 0
github.com/pensando/gpu-operator/internal/kmmmodule/kmmmodule.go:149.3,157.17 3 0
github.com/pensando/gpu-operator/internal/kmmmodule/kmmmodule.go:157.17,159.4 1 0
github.com/pensando/gpu-operator/internal/kmmmodule/kmmmodule.go:160.3,161.63 2 0
github.com/pensando/gpu-operator/internal/kmmmodule/kmmmodule.go:161.63,163.4 1 0
github.com/pensando/gpu-operator/internal/kmmmodule/kmmmodule.go:165.2,165.12 1 0
github.com/pensando/gpu-operator/internal/kmmmodule/kmmmodule.go:168.115,169.25 1 0
github.com/pensando/gpu-operator/internal/kmmmodule/kmmmodule.go:169.25,171.3 1 0
github.com/pensando/gpu-operator/internal/kmmmodule/kmmmodule.go:172.2,172.20 1 0
github.com/pensando/gpu-operator/internal/kmmmodule/kmmmodule.go:172.20,174.3 1 0
github.com/pensando/gpu-operator/internal/kmmmodule/kmmmodule.go:174.8,176.17 2 0
github.com/pensando/gpu-operator/internal/kmmmodule/kmmmodule.go:176.17,178.4 1 0
github.com/pensando/gpu-operator/internal/kmmmodule/kmmmodule.go:179.3,179.42 1 0
github.com/pensando/gpu-operator/internal/kmmmodule/kmmmodule.go:181.2,181.77 1 0
github.com/pensando/gpu-operator/internal/kmmmodule/kmmmodule.go:190.92,195.12 5 0
github.com/pensando/gpu-operator/internal/kmmmodule/kmmmodule.go:196.16,199.15 3 0
github.com/pensando/gpu-operator/internal/kmmmodule/kmmmodule.go:199.15,201.4 1 0
github.com/pensando/gpu-operator/internal/kmmmodule/kmmmodule.go:202.3,205.109 2 0
github.com/pensando/gpu-operator/internal/kmmmodule/kmmmodule.go:205.109,208.29 3 0
github.com/pensando/gpu-operator/internal/kmmmodule/kmmmodule.go:208.29,210.5 1 0
github.com/pensando/gpu-operator/internal/kmmmodule/kmmmodule.go:211.4,214.97 4 0
github.com/pensando/gpu-operator/internal/kmmmodule/kmmmodule.go:228.10,229.52 1 0
github.com/pensando/gpu-operator/internal/kmmmodule/kmmmodule.go:231.2,232.32 2 0
github.com/pensando/gpu-operator/internal/kmmmodule/kmmmodule.go:235.152,237.16 2 0
github.com/pensando/gpu-operator/internal/kmmmodule/kmmmodule.go:237.16,239.3 1 0
github.com/pensando/gpu-operator/internal/kmmmodule/kmmmodule.go:240.2,240.73 1 0
github.com/pensando/gpu-operator/internal/kmmmodule/kmmmodule.go:243.112,246.57 2 0
github.com/pensando/gpu-operator/internal/kmmmodule/kmmmodule.go:246.57,248.3 1 0
github.com/pensando/gpu-operator/internal/kmmmodule/kmmmodule.go:248.8,251.3 1 0
github.com/pensando/gpu-operator/internal/kmmmodule/kmmmodule.go:252.2,254.15 2 0
github.com/pensando/gpu-operator/internal/kmmmodule/kmmmodule.go:254.15,256.3 1 0
github.com/pensando/gpu-operator/internal/kmmmodule/kmmmodule.go:258.2,259.48 2 0
github.com/pensando/gpu-operator/internal/kmmmodule/kmmmodule.go:259.48,261.3 1 0
github.com/pensando/gpu-operator/internal/kmmmodule/kmmmodule.go:262.2,262.74 1 0
github.com/pensando/gpu-operator/internal/kmmmodule/kmmmodule.go:262.74,264.3 1 0
github.com/pensando/gpu-operator/internal/kmmmodule/kmmmodule.go:266.2,344.72 3 0
github.com/pensando/gpu-operator/internal/kmmmodule/kmmmodule.go:347.151,355.16 6 1
github.com/pensando/gpu-operator/internal/kmmmodule/kmmmodule.go:355.16,357.3 1 0
github.com/pensando/gpu-operator/internal/kmmmodule/kmmmodule.go:359.2,361.18 3 1
github.com/pensando/gpu-operator/internal/kmmmodule/kmmmodule.go:361.18,370.3 1 1
github.com/pensando/gpu-operator/internal/kmmmodule/kmmmodule.go:372.2,372.75 1 1
github.com/pensando/gpu-operator/internal/kmmmodule/kmmmodule.go:372.75,381.3 5 0
github.com/pensando/gpu-operator/internal/kmmmodule/kmmmodule.go:383.2,393.51 2 1
github.com/pensando/gpu-operator/internal/kmmmodule/kmmmodule.go:393.51,395.3 1 1
github.com/pensando/gpu-operator/internal/kmmmodule/kmmmodule.go:396.2,399.12 4 1
github.com/pensando/gpu-operator/internal/kmmmodule/kmmmodule.go:402.143,406.43 2 1
github.com/pensando/gpu-operator/internal/kmmmodule/kmmmodule.go:406.43,408.3 1 0
github.com/pensando/gpu-operator/internal/kmmmodule/kmmmodule.go:409.2,412.35 4 1
github.com/pensando/gpu-operator/internal/kmmmodule/kmmmodule.go:412.35,414.17 2 1
github.com/pensando/gpu-operator/internal/kmmmodule/kmmmodule.go:414.17,416.4 1 0
github.com/pensando/gpu-operator/internal/kmmmodule/kmmmodule.go:417.3,417.24 1 1
github.com/pensando/gpu-operator/internal/kmmmodule/kmmmodule.go:417.24,418.12 1 0
github.com/pensando/gpu-operator/internal/kmmmodule/kmmmodule.go:420.3,422.23 3 1
github.com/pensando/gpu-operator/internal/kmmmodule/kmmmodule.go:424.2,424.44 1 1
github.com/pensando/gpu-operator/internal/kmmmodule/kmmmodule.go:427.152,432.16 5 1
github.com/pensando/gpu-operator/internal/kmmmodule/kmmmodule.go:432.16,434.3 1 0
github.com/pensando/gpu-operator/internal/kmmmodule/kmmmodule.go:436.2,436.17 1 1
github.com/pensando/gpu-operator/internal/kmmmodule/kmmmodule.go:436.17,437.27 1 0
github.com/pensando/gpu-operator/internal/kmmmodule/kmmmodule.go:437.27,439.4 1 0
github.com/pensando/gpu-operator/internal/kmmmodule/kmmmodule.go:440.3,440.25 1 0
github.com/pensando/gpu-operator/internal/kmmmodule/kmmmodule.go:440.25,442.4 1 0
github.com/pensando/gpu-operator/internal/kmmmodule/kmmmodule.go:443.3,443.83 1 0
github.com/pensando/gpu-operator/internal/kmmmodule/kmmmodule.go:444.8,445.27 1 1
github.com/pensando/gpu-operator/internal/kmmmodule/kmmmodule.go:445.27,447.18 2 1
github.com/pensando/gpu-operator/internal/kmmmodule/kmmmodule.go:447.18,449.5 1 0
github.com/pensando/gpu-operator/internal/kmmmodule/kmmmodule.go:451.3,451.25 1 1
github.com/pensando/gpu-operator/internal/kmmmodule/kmmmodule.go:451.25,453.4 1 1
github.com/pensando/gpu-operator/internal/kmmmodule/kmmmodule.go:454.3,454.83 1 1
github.com/pensando/gpu-operator/internal/kmmmodule/kmmmodule.go:457.2,458.56 2 1
github.com/pensando/gpu-operator/internal/kmmmodule/kmmmodule.go:458.56,460.3 1 0
github.com/pensando/gpu-operator/internal/kmmmodule/kmmmodule.go:462.2,464.138 2 1
github.com/pensando/gpu-operator/internal/kmmmodule/kmmmodule.go:464.138,469.3 1 0
github.com/pensando/gpu-operator/internal/kmmmodule/kmmmodule.go:471.2,473.53 2 1
github.com/pensando/gpu-operator/internal/kmmmodule/kmmmodule.go:473.53,479.25 2 0
github.com/pensando/gpu-operator/internal/kmmmodule/kmmmodule.go:479.25,481.4 1 0
github.com/pensando/gpu-operator/internal/kmmmodule/kmmmodule.go:484.2,505.24 1 1
github.com/pensando/gpu-operator/internal/kmmmodule/kmmmodule.go:508.87,512.20 2 1
github.com/pensando/gpu-operator/internal/kmmmodule/kmmmodule.go:512.20,514.3 1 0
github.com/pensando/gpu-operator/internal/kmmmodule/kmmmodule.go:515.2,515.27 1 1
github.com/pensando/gpu-operator/internal/kmmmodule/kmmmodule.go:518.61,520.55 2 1
github.com/pensando/gpu-operator/internal/kmmmodule/kmmmodule.go:520.55,521.39 1 1
github.com/pensando/gpu-operator/internal/kmmmodule/kmmmodule.go:521.39,523.4 1 1
github.com/pensando/gpu-operator/internal/kmmmodule/kmmmodule.go:525.2,525.106 1 0
github.com/pensando/gpu-operator/internal/kmmmodule/kmmmodule.go:528.72,530.2 1 1
github.com/pensando/gpu-operator/internal/kmmmodule/kmmmodule.go:532.80,538.33 3 1
github.com/pensando/gpu-operator/internal/kmmmodule/kmmmodule.go:538.33,540.3 1 1
github.com/pensando/gpu-operator/internal/kmmmodule/kmmmodule.go:541.2,543.26 2 1
github.com/pensando/gpu-operator/internal/kmmmodule/kmmmodule.go:543.26,544.39 1 1
github.com/pensando/gpu-operator/internal/kmmmodule/kmmmodule.go:544.39,546.4 1 1
github.com/pensando/gpu-operator/internal/kmmmodule/kmmmodule.go:549.2,549.106 1 0
github.com/pensando/gpu-operator/internal/kmmmodule/kmmmodule.go:554.41,556.3 1 0
github.com/pensando/gpu-operator/internal/kmmmodule/kmmmodule.go:557.43,559.3 1 0
github.com/pensando/gpu-operator/internal/kmmmodule/kmmmodule.go:560.44,562.3 1 0
github.com/pensando/gpu-operator/internal/kmmmodule/kmmmodule.go:565.77,566.45 1 1
github.com/pensando/gpu-operator/internal/kmmmodule/kmmmodule.go:566.45,568.3 1 0
github.com/pensando/gpu-operator/internal/kmmmodule/kmmmodule.go:569.2,569.45 1 1
github.com/pensando/gpu-operator/internal/kmmmodule/kmmmodule.go:569.45,571.3 1 1
github.com/pensando/gpu-operator/internal/kmmmodule/kmmmodule.go:572.2,572.45 1 0
github.com/pensando/gpu-operator/internal/kmmmodule/kmmmodule.go:572.45,574.3 1 0
github.com/pensando/gpu-operator/internal/kmmmodule/kmmmodule.go:575.2,575.82 1 0
github.com/pensando/gpu-operator/internal/kmmmodule/kmmmodule.go:586.49,591.22 3 0
github.com/pensando/gpu-operator/internal/kmmmodule/kmmmodule.go:591.22,593.3 1 0
github.com/pensando/gpu-operator/internal/kmmmodule/kmmmodule.go:594.2,594.29 1 0
github.com/pensando/gpu-operator/internal/kmmmodule/kmmmodule.go:597.53,602.22 3 0
github.com/pensando/gpu-operator/internal/kmmmodule/kmmmodule.go:602.22,604.3 1 0
github.com/pensando/gpu-operator/internal/kmmmodule/kmmmodule.go:605.2,605.31 1 0
github.com/pensando/gpu-operator/internal/kmmmodule/kmmmodule.go:608.51,615.2 6 1
github.com/pensando/gpu-operator/internal/kmmmodule/kmmmodule.go:617.51,619.16 2 0
github.com/pensando/gpu-operator/internal/kmmmodule/kmmmodule.go:619.16,621.3 1 0
github.com/pensando/gpu-operator/internal/kmmmodule/kmmmodule.go:623.2,624.16 2 0
github.com/pensando/gpu-operator/internal/kmmmodule/kmmmodule.go:624.16,626.3 1 0
github.com/pensando/gpu-operator/internal/kmmmodule/kmmmodule.go:627.2,630.65 2 0
github.com/pensando/gpu-operator/internal/kmmmodule/kmmmodule.go:633.60,635.29 2 0
github.com/pensando/gpu-operator/internal/kmmmodule/kmmmodule.go:635.29,637.3 1 0
github.com/pensando/gpu-operator/internal/kmmmodule/kmmmodule.go:638.2,638.41 1 0
github.com/pensando/gpu-operator/internal/kmmmodule/kmmmodule.go:641.78,643.2 1 0
github.com/pensando/gpu-operator/internal/kmmmodule/kmmmodule.go:645.86,647.29 2 1
github.com/pensando/gpu-operator/internal/kmmmodule/kmmmodule.go:647.29,649.3 1 1
github.com/pensando/gpu-operator/internal/kmmmodule/kmmmodule.go:650.2,676.3 2 1
github.com/pensando/gpu-operator/internal/kmmmodule/kmmmodule.go:679.77,680.36 1 1
github.com/pensando/gpu-operator/internal/kmmmodule/kmmmodule.go:680.36,682.3 1 1
github.com/pensando/gpu-operator/internal/kmmmodule/kmmmodule.go:684.2,686.11 3 1
github.com/pensando/gpu-operator/internal/kmmmodule/kmmmodule.go:689.70,690.17 1 0
github.com/pensando/gpu-operator/internal/kmmmodule/kmmmodule.go:690.17,700.3 1 0
github.com/pensando/gpu-operator/internal/kmmmodule/kmmmodule.go:701.2,709.3 1 0
github.com/pensando/gpu-operator/internal/kmmmodule/mock_kmmmodule.go:51.69,55.2 3 0
github.com/pensando/gpu-operator/internal/kmmmodule/mock_kmmmodule.go:58.67,60.2 1 0
github.com/pensando/gpu-operator/internal/kmmmodule/mock_kmmmodule.go:63.119,68.2 4 0
github.com/pensando/gpu-operator/internal/kmmmodule/mock_kmmmodule.go:71.105,74.2 2 0
github.com/pensando/gpu-operator/internal/kmmmodule/mock_kmmmodule.go:77.111,82.2 4 0
github.com/pensando/gpu-operator/internal/kmmmodule/mock_kmmmodule.go:85.98,88.2 2 0
github.com/pensando/gpu-operator/internal/kmmmodule/mock_kmmmodule.go:91.153,96.2 4 0
github.com/pensando/gpu-operator/internal/kmmmodule/mock_kmmmodule.go:99.108,102.2 2 0
github.com/pensando/gpu-operator/internal/kmmmodule/mock_kmmmodule.go:105.139,110.2 4 0
github.com/pensando/gpu-operator/internal/kmmmodule/mock_kmmmodule.go:113.110,116.2 2 0
